Arguments: 
  C:\Users\kumaw\.atri\webapp-builder-win.exe.v0.0.88 C:\snapshot\webapp-builder\node_modules\yarn\bin\yarn.js install

PATH: 
  C:\Users\kumaw\.virtualenvs\my_app-5YpEXjMD\Scripts;C:\Program Files\Python311\Scripts\;C:\Program Files\Python311\;C:\Program Files (x86)\Common Files\Oracle\Java\javapath;C:\windows\system32;C:\windows;C:\windows\System32\Wbem;C:\windows\System32\WindowsPowerShell\v1.0\;C:\windows\System32\OpenSSH\;C:\Program Files (x86)\NVIDIA Corporation\PhysX\Common;C:\Program Files\NVIDIA Corporation\NVIDIA NvDLISR;C:\MinGW\bin;C:\Program Files\MongoDB\Server\5.0\bin;C:\spark\spark-3.0.3-bin-hadoop2.7;C:\WINDOWS\system32;C:\WINDOWS;C:\WINDOWS\System32\Wbem;C:\WINDOWS\System32\WindowsPowerShell\v1.0\;C:\WINDOWS\System32\OpenSSH\;C:\Program Files\nodejs\;C:\Program Files (x86)\Yarn\bin\;C:\Program Files\heroku\bin;C:\Users\kumaw\AppData\Roaming\Python\Python311\site-packages;C:\Users\kumaw\AppData\Roaming\Python\Python311\Scripts;C:\Users\kumaw\AppData\Local\Microsoft\WindowsApps;C:\Users\kumaw\AppData\Local\Programs\Microsoft VS Code\bin;C:\Users\kumaw\AppData\Local\Programs\Git\cmd;C:\Users\kumaw\AppData\Roaming\npm;C:\Users\kumaw\AppData\Local\Yarn\bin;

Yarn version: 
  1.22.19

Node version: 
  16.16.0

Platform: 
  win32 x64

Trace: 
  Error: connect EHOSTUNREACH 104.16.21.35:443
      at TCPConnectWrap.afterConnect [as oncomplete] (node:net:1187:16)

npm manifest: 
  {
    "name": "atri-react-app-template",
    "version": "0.0.0",
    "private": "true",
    "scripts": {
      "buildApp": "atri-react-app-build-app",
      "buildAppNode": "atri-react-app-build-server",
      "buildServer": "cd server && tsc",
      "build": "yarn run buildApp && yarn run buildAppNode",
      "devServer": "node dist/server/index.js --dev",
      "server": "node dist/server/index.js",
      "dev": "atri-react-app-dev-server"
    },
    "dependencies": {
      "@atrilabs/app-scripts": "^0.0.88",
      "@atrilabs/core": "^0.0.88",
      "chokidar": "^3.5.3",
      "http-proxy-middleware": "^2.0.6",
      "react": "18.0.0",
      "react-dom": "18.0.0",
      "react-router-dom": "^6.3.0",
      "ws": "^8.8.0",
      "zustand": "^4.0.0-rc.1",
      "@atrilabs/react-component-manifests": "^0.0.88"
    },
    "devDependencies": {
      "eslint-config-prettier": "^8.5.0",
      "eslint-config-react-app": "^7.0.1"
    }
  }

yarn manifest: 
  No manifest

Lockfile: 
  No lockfile
